<?xml version="1.0" encoding="UTF-8"?>
<!-- Generated by org.testng.reporters.JUnitReportReporter -->
<testsuite skipped="0" hostname="JAIHANUMAN" name="JenkinsPack.jenkinsTest.openGoogleTest" tests="1" failures="0" timestamp="2020-04-26T20:11:04 IST" time="131.313" errors="0">
  <testcase name="openchrome" time="131.313" classname="JenkinsPack.jenkinsTest.openGoogleTest"/>
  <system-out/>
</testsuite> <!-- JenkinsPack.jenkinsTest.openGoogleTest -->
